<?xml version="1.0" ?>
<coverage branch-rate="0" branches-covered="0" branches-valid="0" complexity="0" line-rate="0.7388" lines-covered="526" lines-valid="712" timestamp="1601931768305" version="5.3">
	<!-- Generated by coverage.py: https://coverage.readthedocs.io -->
	<!-- Based on https://raw.githubusercontent.com/cobertura/web/master/htdocs/xml/coverage-04.dtd -->
	<sources>
		<source></source>
	</sources>
	<packages>
		<package branch-rate="0" complexity="0" line-rate="0.7388" name=".home.sadie.cfunits.cfunits">
			<classes>
				<class branch-rate="0" complexity="0" filename="/home/sadie/cfunits/cfunits/__init__.py" line-rate="0.7895" name="__init__.py">
					<methods/>
					<lines>
						<line hits="1" number="17"/>
						<line hits="1" number="18"/>
						<line hits="1" number="19"/>
						<line hits="1" number="20"/>
						<line hits="1" number="21"/>
						<line hits="1" number="22"/>
						<line hits="1" number="24"/>
						<line hits="1" number="25"/>
						<line hits="1" number="27"/>
						<line hits="1" number="28"/>
						<line hits="0" number="29"/>
						<line hits="0" number="30"/>
						<line hits="1" number="33"/>
						<line hits="1" number="34"/>
						<line hits="0" number="35"/>
						<line hits="1" number="41"/>
						<line hits="1" number="42"/>
						<line hits="0" number="43"/>
						<line hits="1" number="47"/>
					</lines>
				</class>
				<class branch-rate="0" complexity="0" filename="/home/sadie/cfunits/cfunits/units.py" line-rate="0.7374" name="units.py">
					<methods/>
					<lines>
						<line hits="1" number="1"/>
						<line hits="1" number="2"/>
						<line hits="1" number="3"/>
						<line hits="1" number="4"/>
						<line hits="1" number="5"/>
						<line hits="1" number="7"/>
						<line hits="1" number="9"/>
						<line hits="1" number="10"/>
						<line hits="1" number="11"/>
						<line hits="1" number="12"/>
						<line hits="1" number="13"/>
						<line hits="1" number="14"/>
						<line hits="1" number="15"/>
						<line hits="1" number="21"/>
						<line hits="1" number="22"/>
						<line hits="1" number="23"/>
						<line hits="1" number="24"/>
						<line hits="1" number="25"/>
						<line hits="1" number="26"/>
						<line hits="1" number="27"/>
						<line hits="1" number="28"/>
						<line hits="1" number="29"/>
						<line hits="1" number="30"/>
						<line hits="1" number="31"/>
						<line hits="1" number="33"/>
						<line hits="1" number="45"/>
						<line hits="1" number="46"/>
						<line hits="0" number="47"/>
						<line hits="1" number="52"/>
						<line hits="1" number="61"/>
						<line hits="1" number="62"/>
						<line hits="1" number="63"/>
						<line hits="1" number="65"/>
						<line hits="1" number="69"/>
						<line hits="1" number="70"/>
						<line hits="1" number="71"/>
						<line hits="1" number="74"/>
						<line hits="1" number="87"/>
						<line hits="1" number="88"/>
						<line hits="1" number="89"/>
						<line hits="1" number="92"/>
						<line hits="1" number="94"/>
						<line hits="1" number="95"/>
						<line hits="1" number="99"/>
						<line hits="1" number="101"/>
						<line hits="1" number="102"/>
						<line hits="1" number="106"/>
						<line hits="1" number="107"/>
						<line hits="1" number="108"/>
						<line hits="1" number="112"/>
						<line hits="1" number="113"/>
						<line hits="1" number="114"/>
						<line hits="1" number="118"/>
						<line hits="1" number="119"/>
						<line hits="1" number="120"/>
						<line hits="1" number="124"/>
						<line hits="1" number="125"/>
						<line hits="1" number="126"/>
						<line hits="1" number="129"/>
						<line hits="1" number="130"/>
						<line hits="1" number="131"/>
						<line hits="1" number="134"/>
						<line hits="1" number="135"/>
						<line hits="1" number="136"/>
						<line hits="1" number="139"/>
						<line hits="1" number="140"/>
						<line hits="1" number="141"/>
						<line hits="1" number="144"/>
						<line hits="1" number="145"/>
						<line hits="1" number="146"/>
						<line hits="1" number="150"/>
						<line hits="1" number="151"/>
						<line hits="1" number="152"/>
						<line hits="1" number="155"/>
						<line hits="1" number="156"/>
						<line hits="1" number="157"/>
						<line hits="1" number="160"/>
						<line hits="1" number="161"/>
						<line hits="1" number="162"/>
						<line hits="1" number="165"/>
						<line hits="1" number="166"/>
						<line hits="1" number="167"/>
						<line hits="1" number="171"/>
						<line hits="1" number="172"/>
						<line hits="1" number="173"/>
						<line hits="1" number="178"/>
						<line hits="1" number="179"/>
						<line hits="1" number="180"/>
						<line hits="1" number="184"/>
						<line hits="1" number="185"/>
						<line hits="1" number="186"/>
						<line hits="1" number="189"/>
						<line hits="1" number="190"/>
						<line hits="1" number="191"/>
						<line hits="1" number="193"/>
						<line hits="1" number="194"/>
						<line hits="1" number="195"/>
						<line hits="1" number="197"/>
						<line hits="1" number="202"/>
						<line hits="1" number="203"/>
						<line hits="1" number="204"/>
						<line hits="1" number="205"/>
						<line hits="1" number="206"/>
						<line hits="1" number="207"/>
						<line hits="1" number="208"/>
						<line hits="1" number="209"/>
						<line hits="1" number="210"/>
						<line hits="1" number="211"/>
						<line hits="1" number="212"/>
						<line hits="1" number="213"/>
						<line hits="1" number="214"/>
						<line hits="1" number="215"/>
						<line hits="1" number="216"/>
						<line hits="1" number="217"/>
						<line hits="1" number="218"/>
						<line hits="1" number="219"/>
						<line hits="1" number="220"/>
						<line hits="1" number="221"/>
						<line hits="1" number="222"/>
						<line hits="1" number="223"/>
						<line hits="1" number="224"/>
						<line hits="1" number="232"/>
						<line hits="1" number="233"/>
						<line hits="1" number="240"/>
						<line hits="1" number="241"/>
						<line hits="1" number="243"/>
						<line hits="1" number="245"/>
						<line hits="1" number="247"/>
						<line hits="1" number="249"/>
						<line hits="1" number="254"/>
						<line hits="1" number="255"/>
						<line hits="1" number="257"/>
						<line hits="1" number="258"/>
						<line hits="1" number="260"/>
						<line hits="1" number="261"/>
						<line hits="1" number="263"/>
						<line hits="1" number="264"/>
						<line hits="1" number="268"/>
						<line hits="1" number="270"/>
						<line hits="1" number="271"/>
						<line hits="1" number="272"/>
						<line hits="1" number="273"/>
						<line hits="1" number="274"/>
						<line hits="1" number="275"/>
						<line hits="1" number="289"/>
						<line hits="1" number="296"/>
						<line hits="1" number="297"/>
						<line hits="1" number="299"/>
						<line hits="1" number="300"/>
						<line hits="1" number="306"/>
						<line hits="1" number="307"/>
						<line hits="1" number="309"/>
						<line hits="1" number="310"/>
						<line hits="1" number="312"/>
						<line hits="1" number="314"/>
						<line hits="1" number="320"/>
						<line hits="1" number="321"/>
						<line hits="1" number="322"/>
						<line hits="1" number="327"/>
						<line hits="1" number="328"/>
						<line hits="1" number="341"/>
						<line hits="1" number="355"/>
						<line hits="0" number="375"/>
						<line hits="0" number="376"/>
						<line hits="0" number="378"/>
						<line hits="1" number="466"/>
						<line hits="1" number="467"/>
						<line hits="1" number="470"/>
						<line hits="1" number="667"/>
						<line hits="1" number="699"/>
						<line hits="0" number="700"/>
						<line hits="0" number="701"/>
						<line hits="1" number="703"/>
						<line hits="1" number="704"/>
						<line hits="1" number="705"/>
						<line hits="1" number="706"/>
						<line hits="1" number="707"/>
						<line hits="1" number="708"/>
						<line hits="1" number="709"/>
						<line hits="1" number="710"/>
						<line hits="1" number="711"/>
						<line hits="1" number="714"/>
						<line hits="1" number="715"/>
						<line hits="1" number="716"/>
						<line hits="1" number="717"/>
						<line hits="1" number="718"/>
						<line hits="1" number="720"/>
						<line hits="1" number="721"/>
						<line hits="1" number="724"/>
						<line hits="1" number="725"/>
						<line hits="1" number="726"/>
						<line hits="1" number="727"/>
						<line hits="1" number="728"/>
						<line hits="1" number="729"/>
						<line hits="1" number="731"/>
						<line hits="1" number="733"/>
						<line hits="1" number="735"/>
						<line hits="1" number="740"/>
						<line hits="1" number="741"/>
						<line hits="1" number="743"/>
						<line hits="1" number="744"/>
						<line hits="1" number="745"/>
						<line hits="1" number="748"/>
						<line hits="1" number="749"/>
						<line hits="1" number="751"/>
						<line hits="1" number="753"/>
						<line hits="1" number="754"/>
						<line hits="1" number="755"/>
						<line hits="1" number="757"/>
						<line hits="0" number="759"/>
						<line hits="0" number="760"/>
						<line hits="1" number="762"/>
						<line hits="1" number="765"/>
						<line hits="1" number="767"/>
						<line hits="1" number="768"/>
						<line hits="1" number="771"/>
						<line hits="1" number="774"/>
						<line hits="0" number="775"/>
						<line hits="1" number="777"/>
						<line hits="1" number="778"/>
						<line hits="1" number="779"/>
						<line hits="1" number="780"/>
						<line hits="1" number="781"/>
						<line hits="1" number="782"/>
						<line hits="1" number="784"/>
						<line hits="1" number="785"/>
						<line hits="0" number="786"/>
						<line hits="0" number="787"/>
						<line hits="0" number="788"/>
						<line hits="1" number="790"/>
						<line hits="1" number="791"/>
						<line hits="1" number="794"/>
						<line hits="1" number="797"/>
						<line hits="1" number="798"/>
						<line hits="1" number="799"/>
						<line hits="1" number="800"/>
						<line hits="1" number="806"/>
						<line hits="1" number="807"/>
						<line hits="1" number="808"/>
						<line hits="1" number="811"/>
						<line hits="1" number="812"/>
						<line hits="1" number="813"/>
						<line hits="1" number="814"/>
						<line hits="1" number="818"/>
						<line hits="1" number="831"/>
						<line hits="1" number="832"/>
						<line hits="1" number="833"/>
						<line hits="1" number="834"/>
						<line hits="1" number="836"/>
						<line hits="1" number="837"/>
						<line hits="1" number="838"/>
						<line hits="1" number="840"/>
						<line hits="1" number="841"/>
						<line hits="1" number="843"/>
						<line hits="1" number="845"/>
						<line hits="1" number="849"/>
						<line hits="1" number="850"/>
						<line hits="1" number="851"/>
						<line hits="1" number="852"/>
						<line hits="1" number="853"/>
						<line hits="1" number="854"/>
						<line hits="1" number="855"/>
						<line hits="1" number="856"/>
						<line hits="0" number="857"/>
						<line hits="0" number="858"/>
						<line hits="0" number="860"/>
						<line hits="1" number="862"/>
						<line hits="1" number="864"/>
						<line hits="1" number="868"/>
						<line hits="1" number="869"/>
						<line hits="1" number="871"/>
						<line hits="1" number="872"/>
						<line hits="1" number="873"/>
						<line hits="1" number="875"/>
						<line hits="1" number="877"/>
						<line hits="1" number="878"/>
						<line hits="1" number="880"/>
						<line hits="1" number="885"/>
						<line hits="1" number="886"/>
						<line hits="1" number="887"/>
						<line hits="1" number="888"/>
						<line hits="1" number="889"/>
						<line hits="1" number="890"/>
						<line hits="1" number="891"/>
						<line hits="1" number="893"/>
						<line hits="0" number="909"/>
						<line hits="1" number="913"/>
						<line hits="0" number="926"/>
						<line hits="0" number="927"/>
						<line hits="0" number="928"/>
						<line hits="0" number="930"/>
						<line hits="0" number="931"/>
						<line hits="0" number="932"/>
						<line hits="0" number="934"/>
						<line hits="1" number="936"/>
						<line hits="1" number="940"/>
						<line hits="1" number="941"/>
						<line hits="1" number="943"/>
						<line hits="1" number="948"/>
						<line hits="1" number="952"/>
						<line hits="1" number="954"/>
						<line hits="1" number="958"/>
						<line hits="1" number="959"/>
						<line hits="1" number="960"/>
						<line hits="0" number="961"/>
						<line hits="1" number="963"/>
						<line hits="1" number="966"/>
						<line hits="0" number="967"/>
						<line hits="1" number="969"/>
						<line hits="1" number="971"/>
						<line hits="0" number="975"/>
						<line hits="1" number="977"/>
						<line hits="1" number="983"/>
						<line hits="1" number="985"/>
						<line hits="1" number="991"/>
						<line hits="1" number="993"/>
						<line hits="1" number="999"/>
						<line hits="1" number="1001"/>
						<line hits="0" number="1007"/>
						<line hits="1" number="1009"/>
						<line hits="0" number="1015"/>
						<line hits="1" number="1017"/>
						<line hits="0" number="1023"/>
						<line hits="1" number="1025"/>
						<line hits="0" number="1031"/>
						<line hits="1" number="1033"/>
						<line hits="1" number="1039"/>
						<line hits="0" number="1041"/>
						<line hits="1" number="1043"/>
						<line hits="1" number="1044"/>
						<line hits="1" number="1045"/>
						<line hits="0" number="1046"/>
						<line hits="0" number="1047"/>
						<line hits="1" number="1049"/>
						<line hits="1" number="1055"/>
						<line hits="0" number="1057"/>
						<line hits="1" number="1059"/>
						<line hits="1" number="1060"/>
						<line hits="1" number="1061"/>
						<line hits="0" number="1062"/>
						<line hits="0" number="1063"/>
						<line hits="1" number="1065"/>
						<line hits="1" number="1071"/>
						<line hits="1" number="1072"/>
						<line hits="0" number="1073"/>
						<line hits="1" number="1075"/>
						<line hits="1" number="1076"/>
						<line hits="0" number="1077"/>
						<line hits="0" number="1078"/>
						<line hits="1" number="1080"/>
						<line hits="0" number="1081"/>
						<line hits="1" number="1083"/>
						<line hits="1" number="1084"/>
						<line hits="0" number="1085"/>
						<line hits="0" number="1086"/>
						<line hits="1" number="1089"/>
						<line hits="1" number="1091"/>
						<line hits="1" number="1095"/>
						<line hits="1" number="1096"/>
						<line hits="0" number="1097"/>
						<line hits="1" number="1099"/>
						<line hits="1" number="1100"/>
						<line hits="0" number="1101"/>
						<line hits="0" number="1102"/>
						<line hits="1" number="1104"/>
						<line hits="0" number="1105"/>
						<line hits="1" number="1107"/>
						<line hits="1" number="1108"/>
						<line hits="0" number="1109"/>
						<line hits="0" number="1110"/>
						<line hits="1" number="1113"/>
						<line hits="1" number="1115"/>
						<line hits="1" number="1126"/>
						<line hits="0" number="1127"/>
						<line hits="1" number="1131"/>
						<line hits="1" number="1132"/>
						<line hits="1" number="1133"/>
						<line hits="1" number="1134"/>
						<line hits="1" number="1135"/>
						<line hits="1" number="1136"/>
						<line hits="1" number="1138"/>
						<line hits="1" number="1142"/>
						<line hits="1" number="1143"/>
						<line hits="1" number="1144"/>
						<line hits="1" number="1145"/>
						<line hits="1" number="1146"/>
						<line hits="1" number="1147"/>
						<line hits="1" number="1148"/>
						<line hits="0" number="1149"/>
						<line hits="0" number="1150"/>
						<line hits="0" number="1156"/>
						<line hits="0" number="1157"/>
						<line hits="0" number="1158"/>
						<line hits="0" number="1159"/>
						<line hits="0" number="1160"/>
						<line hits="0" number="1161"/>
						<line hits="0" number="1162"/>
						<line hits="0" number="1163"/>
						<line hits="0" number="1166"/>
						<line hits="1" number="1168"/>
						<line hits="1" number="1172"/>
						<line hits="1" number="1174"/>
						<line hits="1" number="1178"/>
						<line hits="1" number="1180"/>
						<line hits="1" number="1186"/>
						<line hits="1" number="1188"/>
						<line hits="1" number="1194"/>
						<line hits="1" number="1196"/>
						<line hits="1" number="1202"/>
						<line hits="1" number="1204"/>
						<line hits="1" number="1210"/>
						<line hits="1" number="1211"/>
						<line hits="0" number="1212"/>
						<line hits="0" number="1213"/>
						<line hits="1" number="1215"/>
						<line hits="1" number="1221"/>
						<line hits="1" number="1223"/>
						<line hits="1" number="1229"/>
						<line hits="1" number="1231"/>
						<line hits="1" number="1235"/>
						<line hits="1" number="1236"/>
						<line hits="0" number="1237"/>
						<line hits="0" number="1238"/>
						<line hits="1" number="1240"/>
						<line hits="1" number="1244"/>
						<line hits="1" number="1246"/>
						<line hits="1" number="1250"/>
						<line hits="1" number="1252"/>
						<line hits="1" number="1256"/>
						<line hits="1" number="1257"/>
						<line hits="0" number="1258"/>
						<line hits="0" number="1259"/>
						<line hits="1" number="1261"/>
						<line hits="1" number="1265"/>
						<line hits="1" number="1267"/>
						<line hits="1" number="1271"/>
						<line hits="1" number="1273"/>
						<line hits="1" number="1277"/>
						<line hits="1" number="1279"/>
						<line hits="0" number="1283"/>
						<line hits="1" number="1285"/>
						<line hits="1" number="1291"/>
						<line hits="1" number="1293"/>
						<line hits="0" number="1299"/>
						<line hits="1" number="1304"/>
						<line hits="0" number="1307"/>
						<line hits="0" number="1308"/>
						<line hits="0" number="1309"/>
						<line hits="0" number="1310"/>
						<line hits="0" number="1313"/>
						<line hits="0" number="1314"/>
						<line hits="0" number="1315"/>
						<line hits="0" number="1318"/>
						<line hits="0" number="1319"/>
						<line hits="0" number="1320"/>
						<line hits="0" number="1324"/>
						<line hits="0" number="1326"/>
						<line hits="1" number="1328"/>
						<line hits="1" number="1332"/>
						<line hits="1" number="1333"/>
						<line hits="1" number="1334"/>
						<line hits="1" number="1336"/>
						<line hits="1" number="1341"/>
						<line hits="1" number="1382"/>
						<line hits="1" number="1384"/>
						<line hits="1" number="1410"/>
						<line hits="1" number="1412"/>
						<line hits="0" number="1440"/>
						<line hits="1" number="1442"/>
						<line hits="0" number="1471"/>
						<line hits="1" number="1474"/>
						<line hits="0" number="1493"/>
						<line hits="0" number="1494"/>
						<line hits="0" number="1495"/>
						<line hits="0" number="1497"/>
						<line hits="1" number="1499"/>
						<line hits="0" number="1526"/>
						<line hits="1" number="1529"/>
						<line hits="0" number="1556"/>
						<line hits="1" number="1559"/>
						<line hits="0" number="1590"/>
						<line hits="0" number="1591"/>
						<line hits="0" number="1593"/>
						<line hits="0" number="1594"/>
						<line hits="0" number="1595"/>
						<line hits="0" number="1597"/>
						<line hits="1" number="1599"/>
						<line hits="1" number="1625"/>
						<line hits="1" number="1627"/>
						<line hits="0" number="1656"/>
						<line hits="1" number="1658"/>
						<line hits="1" number="1675"/>
						<line hits="1" number="1688"/>
						<line hits="1" number="1689"/>
						<line hits="0" number="1694"/>
						<line hits="1" number="1697"/>
						<line hits="0" number="1718"/>
						<line hits="0" number="1719"/>
						<line hits="0" number="1720"/>
						<line hits="0" number="1722"/>
						<line hits="1" number="1725"/>
						<line hits="1" number="1743"/>
						<line hits="1" number="1744"/>
						<line hits="1" number="1745"/>
						<line hits="1" number="1747"/>
						<line hits="1" number="1753"/>
						<line hits="1" number="1793"/>
						<line hits="1" number="1794"/>
						<line hits="1" number="1824"/>
						<line hits="1" number="1826"/>
						<line hits="1" number="1827"/>
						<line hits="1" number="1828"/>
						<line hits="1" number="1829"/>
						<line hits="1" number="1830"/>
						<line hits="1" number="1835"/>
						<line hits="0" number="1837"/>
						<line hits="1" number="1839"/>
						<line hits="0" number="1840"/>
						<line hits="0" number="1843"/>
						<line hits="1" number="1872"/>
						<line hits="0" number="1874"/>
						<line hits="1" number="1878"/>
						<line hits="1" number="1883"/>
						<line hits="1" number="1959"/>
						<line hits="1" number="1961"/>
						<line hits="0" number="1962"/>
						<line hits="1" number="1964"/>
						<line hits="1" number="1965"/>
						<line hits="1" number="1966"/>
						<line hits="1" number="1967"/>
						<line hits="1" number="1968"/>
						<line hits="1" number="1970"/>
						<line hits="1" number="1971"/>
						<line hits="0" number="1973"/>
						<line hits="1" number="1975"/>
						<line hits="1" number="1976"/>
						<line hits="1" number="1977"/>
						<line hits="1" number="1978"/>
						<line hits="1" number="1980"/>
						<line hits="1" number="1982"/>
						<line hits="1" number="1983"/>
						<line hits="1" number="2045"/>
						<line hits="0" number="2046"/>
						<line hits="0" number="2047"/>
						<line hits="0" number="2049"/>
						<line hits="0" number="2050"/>
						<line hits="0" number="2052"/>
						<line hits="0" number="2053"/>
						<line hits="0" number="2054"/>
						<line hits="0" number="2055"/>
						<line hits="1" number="2058"/>
						<line hits="1" number="2059"/>
						<line hits="1" number="2062"/>
						<line hits="1" number="2063"/>
						<line hits="1" number="2065"/>
						<line hits="0" number="2066"/>
						<line hits="1" number="2069"/>
						<line hits="1" number="2071"/>
						<line hits="0" number="2076"/>
						<line hits="0" number="2077"/>
						<line hits="0" number="2078"/>
						<line hits="0" number="2079"/>
						<line hits="0" number="2082"/>
						<line hits="0" number="2083"/>
						<line hits="0" number="2084"/>
						<line hits="0" number="2085"/>
						<line hits="0" number="2087"/>
						<line hits="0" number="2089"/>
						<line hits="0" number="2090"/>
						<line hits="0" number="2092"/>
						<line hits="0" number="2094"/>
						<line hits="0" number="2096"/>
						<line hits="0" number="2097"/>
						<line hits="0" number="2099"/>
						<line hits="0" number="2101"/>
						<line hits="0" number="2102"/>
						<line hits="0" number="2105"/>
						<line hits="0" number="2108"/>
						<line hits="0" number="2112"/>
						<line hits="1" number="2115"/>
						<line hits="1" number="2124"/>
						<line hits="1" number="2125"/>
						<line hits="1" number="2126"/>
						<line hits="0" number="2127"/>
						<line hits="0" number="2128"/>
						<line hits="1" number="2137"/>
						<line hits="0" number="2139"/>
						<line hits="0" number="2140"/>
						<line hits="1" number="2141"/>
						<line hits="1" number="2142"/>
						<line hits="1" number="2145"/>
						<line hits="1" number="2146"/>
						<line hits="1" number="2147"/>
						<line hits="1" number="2149"/>
						<line hits="1" number="2151"/>
						<line hits="1" number="2153"/>
						<line hits="1" number="2154"/>
						<line hits="0" number="2155"/>
						<line hits="1" number="2161"/>
						<line hits="1" number="2162"/>
						<line hits="1" number="2163"/>
						<line hits="0" number="2164"/>
						<line hits="0" number="2165"/>
						<line hits="0" number="2166"/>
						<line hits="1" number="2167"/>
						<line hits="1" number="2168"/>
						<line hits="1" number="2169"/>
						<line hits="1" number="2170"/>
						<line hits="1" number="2173"/>
						<line hits="0" number="2174"/>
						<line hits="0" number="2175"/>
						<line hits="0" number="2176"/>
						<line hits="0" number="2177"/>
						<line hits="1" number="2179"/>
						<line hits="1" number="2185"/>
						<line hits="1" number="2187"/>
						<line hits="1" number="2190"/>
						<line hits="1" number="2191"/>
						<line hits="1" number="2194"/>
						<line hits="1" number="2201"/>
						<line hits="1" number="2202"/>
						<line hits="1" number="2204"/>
						<line hits="1" number="2209"/>
						<line hits="1" number="2211"/>
						<line hits="1" number="2216"/>
						<line hits="0" number="2219"/>
						<line hits="0" number="2221"/>
						<line hits="0" number="2222"/>
						<line hits="0" number="2223"/>
						<line hits="0" number="2225"/>
						<line hits="0" number="2229"/>
						<line hits="0" number="2231"/>
						<line hits="0" number="2233"/>
						<line hits="1" number="2235"/>
						<line hits="1" number="2237"/>
						<line hits="0" number="2251"/>
						<line hits="1" number="2253"/>
						<line hits="1" number="2298"/>
						<line hits="1" number="2299"/>
						<line hits="1" number="2301"/>
						<line hits="1" number="2303"/>
						<line hits="0" number="2304"/>
						<line hits="0" number="2309"/>
						<line hits="1" number="2311"/>
						<line hits="1" number="2312"/>
						<line hits="1" number="2313"/>
						<line hits="1" number="2314"/>
						<line hits="1" number="2320"/>
						<line hits="1" number="2322"/>
						<line hits="0" number="2323"/>
						<line hits="0" number="2327"/>
						<line hits="1" number="2373"/>
						<line hits="1" number="2374"/>
						<line hits="1" number="2375"/>
						<line hits="1" number="2377"/>
						<line hits="1" number="2382"/>
						<line hits="0" number="2383"/>
						<line hits="0" number="2384"/>
						<line hits="1" number="2406"/>
						<line hits="1" number="2440"/>
						<line hits="1" number="2441"/>
						<line hits="0" number="2442"/>
						<line hits="0" number="2443"/>
						<line hits="1" number="2445"/>
						<line hits="1" number="2446"/>
						<line hits="0" number="2449"/>
						<line hits="1" number="2455"/>
						<line hits="1" number="2475"/>
						<line hits="1" number="2497"/>
						<line hits="1" number="2498"/>
						<line hits="1" number="2502"/>
						<line hits="1" number="2503"/>
						<line hits="1" number="2504"/>
						<line hits="1" number="2505"/>
						<line hits="1" number="2506"/>
						<line hits="1" number="2508"/>
						<line hits="0" number="2512"/>
						<line hits="0" number="2513"/>
						<line hits="0" number="2514"/>
						<line hits="0" number="2516"/>
						<line hits="0" number="2518"/>
						<line hits="0" number="2520"/>
						<line hits="1" number="2522"/>
						<line hits="0" number="2535"/>
						<line hits="0" number="2536"/>
						<line hits="0" number="2538"/>
						<line hits="0" number="2540"/>
						<line hits="0" number="2541"/>
						<line hits="0" number="2542"/>
						<line hits="0" number="2544"/>
						<line hits="0" number="2545"/>
						<line hits="0" number="2547"/>
						<line hits="0" number="2549"/>
					</lines>
				</class>
			</classes>
		</package>
	</packages>
</coverage>
